<?xml version="1.0" encoding="UTF-8"?>
<!-- Generated by org.testng.reporters.JUnitReportReporter -->
<testsuite hostname="QJ08041111" failures="0" tests="1" name="Googlesearchnew.Googlesearchnew.Searchnew" time="15.200" errors="0" timestamp="6 Aug 2021 03:43:12 GMT">
  <testcase classname="Googlesearchnew.Googlesearchnew.Searchnew" name="test" time="15.200"/>
</testsuite> <!-- Googlesearchnew.Googlesearchnew.Searchnew -->
