<?xml version="1.0" encoding="UTF-8"?>
<!-- Generated by org.testng.reporters.JUnitReportReporter -->
<testsuite hostname="QJ08041111" failures="0" tests="1" name="Googlesearchnew.Googlesearchnew.Searchnew" time="16.782" errors="0" timestamp="6 Aug 2021 04:08:12 GMT">
  <testcase classname="Googlesearchnew.Googlesearchnew.Searchnew" name="test" time="16.782"/>
</testsuite> <!-- Googlesearchnew.Googlesearchnew.Searchnew -->
