<?xml version="1.0" encoding="UTF-8"?>
<!-- Generated by org.testng.reporters.JUnitReportReporter -->
<testsuite hostname="QXL08149315" name="Googlesearchnew.Googlesearchnew.Searchnew" tests="2" failures="0" timestamp="29 Aug 2021 04:03:26 GMT" time="5.295" errors="0">
  <testcase name="logintest" time="1.759" classname="Googlesearchnew.Googlesearchnew.Searchnew"/>
  <testcase name="Login" time="3.536" classname="Googlesearchnew.Googlesearchnew.Searchnew"/>
</testsuite> <!-- Googlesearchnew.Googlesearchnew.Searchnew -->
